<?xml version="1.0" encoding="UTF-8"?>
<!-- Generated by org.testng.reporters.JUnitXMLReporter -->
<testsuite ignored="0" hostname="CPC-sthot-WFR7W" failures="0" tests="2" name="Test loginapplication" time="55.204" errors="0" timestamp="01 Nov 2024 14:08:50 GMT">
  <testcase classname="SeleniumFramework.Ecommerce.LoginintoApplication" name="applicationStart" time="20.616"/>
  <testcase classname="SeleniumFramework.Ecommerce.LoginintoApplication" name="applicationStart" time="13.448"/>
</testsuite> <!-- Test loginapplication -->
