<?xml version="1.0" encoding="UTF-8"?>
<testng-results ignored="0" total="2" passed="2" failed="0" skipped="0">
  <reporter-output>
  </reporter-output>
  <suite started-at="2024-11-01T14:07:55Z" name="Suite" finished-at="2024-11-01T14:08:50Z" duration-ms="55204">
    <groups>
      <group name="errorvalidations">
        <method signature="ErrorValidations.LoginErrorValidation()[pri:0, instance:pageObjects.ErrorValidations@b40bb6e]" name="LoginErrorValidation" class="pageObjects.ErrorValidations"/>
        <method signature="ErrorValidations.ProductErrorValidation()[pri:0, instance:pageObjects.ErrorValidations@b40bb6e]" name="ProductErrorValidation" class="pageObjects.ErrorValidations"/>
      </group> <!-- errorvalidations -->
      <group name="purchase">
        <method signature="LoginintoApplication.applicationStart(java.util.HashMap)[pri:0, instance:SeleniumFramework.Ecommerce.LoginintoApplication@68759011]" name="applicationStart" class="SeleniumFramework.Ecommerce.LoginintoApplication"/>
      </group> <!-- purchase -->
    </groups>
    <test started-at="2024-11-01T14:07:55Z" name="Test loginapplication" finished-at="2024-11-01T14:08:50Z" duration-ms="55204">
      <class name="SeleniumFramework.Ecommerce.LoginintoApplication">
        <test-method is-config="true" signature="launchApplication()[pri:0, instance:SeleniumFramework.Ecommerce.LoginintoApplication@68759011]" started-at="2024-11-01T14:07:56Z" name="launchApplication" finished-at="2024-11-01T14:08:05Z" duration-ms="8992" status="PASS">
          <reporter-output>
          </reporter-output>
        </test-method> <!-- launchApplication -->
        <test-method signature="applicationStart(java.util.HashMap)[pri:0, instance:SeleniumFramework.Ecommerce.LoginintoApplication@68759011]" started-at="2024-11-01T14:08:05Z" name="applicationStart" data-provider="getData" finished-at="2024-11-01T14:08:25Z" duration-ms="20616" status="PASS">
          <params>
            <param index="0">
              <value>
                <![CDATA[{userPassword=Fullstack@29, userEmail=sai@123gmail.com, productName=ADIDAS ORIGINAL}]]>
              </value>
            </param>
          </params>
          <reporter-output>
          </reporter-output>
        </test-method> <!-- applicationStart -->
        <test-method is-config="true" signature="close()[pri:0, instance:SeleniumFramework.Ecommerce.LoginintoApplication@68759011]" started-at="2024-11-01T14:08:25Z" name="close" finished-at="2024-11-01T14:08:26Z" duration-ms="300" status="PASS">
          <reporter-output>
          </reporter-output>
        </test-method> <!-- close -->
        <test-method is-config="true" signature="launchApplication()[pri:0, instance:SeleniumFramework.Ecommerce.LoginintoApplication@68759011]" started-at="2024-11-01T14:08:26Z" name="launchApplication" finished-at="2024-11-01T14:08:36Z" duration-ms="10145" status="PASS">
          <reporter-output>
          </reporter-output>
        </test-method> <!-- launchApplication -->
        <test-method signature="applicationStart(java.util.HashMap)[pri:0, instance:SeleniumFramework.Ecommerce.LoginintoApplication@68759011]" started-at="2024-11-01T14:08:36Z" name="applicationStart" data-provider="getData" finished-at="2024-11-01T14:08:49Z" duration-ms="13448" status="PASS">
          <params>
            <param index="0">
              <value>
                <![CDATA[{userPassword=Fullstack@29, userEmail=pavan1223@gmail.com, productName=ADIDAS ORIGINAL}]]>
              </value>
            </param>
          </params>
          <reporter-output>
          </reporter-output>
        </test-method> <!-- applicationStart -->
        <test-method is-config="true" signature="close()[pri:0, instance:SeleniumFramework.Ecommerce.LoginintoApplication@68759011]" started-at="2024-11-01T14:08:49Z" name="close" finished-at="2024-11-01T14:08:50Z" duration-ms="1076" status="PASS">
          <reporter-output>
          </reporter-output>
        </test-method> <!-- close -->
      </class> <!-- SeleniumFramework.Ecommerce.LoginintoApplication -->
    </test> <!-- Test loginapplication -->
  </suite> <!-- Suite -->
</testng-results>
